2024-06-12 11:37:32,813  INFO 53830 --- [restartedMain] i.azusachino.kokona.KokonaApplicationKt  : Starting KokonaApplicationKt using Java 21.0.2 with PID 53830 (/Users/yinchun.pang/Projects/project-github/kokona-project/build/classes/kotlin/main started by yinchun.pang in /Users/yinchun.pang/Projects/project-github/kokona-project)
2024-06-12 11:37:32,813  INFO 53830 --- [restartedMain] i.azusachino.kokona.KokonaApplicationKt  : The following 1 profile is active: "dev"
2024-06-12 11:37:32,983  INFO 53830 --- [restartedMain] .s.d.r.c.RepositoryConfigurationDelegate : Multiple Spring Data modules found, entering strict repository configuration mode
2024-06-12 11:37:32,983  INFO 53830 --- [restartedMain] .s.d.r.c.RepositoryConfigurationDelegate : Bootstrapping Spring Data JDBC repositories in DEFAULT mode.
2024-06-12 11:37:32,984  INFO 53830 --- [restartedMain] .s.d.r.c.RepositoryConfigurationDelegate : Finished Spring Data repository scanning in 0 ms. Found 0 JDBC repository interfaces.
2024-06-12 11:37:32,986  INFO 53830 --- [restartedMain] .s.d.r.c.RepositoryConfigurationDelegate : Multiple Spring Data modules found, entering strict repository configuration mode
2024-06-12 11:37:32,986  INFO 53830 --- [restartedMain] .s.d.r.c.RepositoryConfigurationDelegate : Bootstrapping Spring Data Redis repositories in DEFAULT mode.
2024-06-12 11:37:32,987  INFO 53830 --- [restartedMain] .s.d.r.c.RepositoryConfigurationDelegate : Finished Spring Data repository scanning in 0 ms. Found 0 Redis repository interfaces.
2024-06-12 11:37:33,115  INFO 53830 --- [restartedMain] o.s.b.a.e.web.EndpointLinksResolver      : Exposing 1 endpoint beneath base path '/actuator'
2024-06-12 11:37:33,133  INFO 53830 --- [restartedMain] ctiveUserDetailsServiceAutoConfiguration : 

Using generated security password: b2b3d7c3-a6b2-44b6-945c-87fbdd934f40

2024-06-12 11:37:33,210  INFO 53830 --- [restartedMain] com.zaxxer.hikari.HikariDataSource       : HikariPool-3 - Starting...
2024-06-12 11:37:33,213  INFO 53830 --- [restartedMain] com.zaxxer.hikari.pool.HikariPool        : HikariPool-3 - Added connection conn20: url=jdbc:h2:mem:testdb user=SA
2024-06-12 11:37:33,214  INFO 53830 --- [restartedMain] com.zaxxer.hikari.HikariDataSource       : HikariPool-3 - Start completed.
2024-06-12 11:37:33,247  INFO 53830 --- [restartedMain] o.s.b.d.a.OptionalLiveReloadServer       : LiveReload server is running on port 35729
2024-06-12 11:37:33,269  INFO 53830 --- [restartedMain] o.s.b.web.embedded.netty.NettyWebServer  : Netty started on port 8081 (http)
2024-06-12 11:37:33,274  INFO 53830 --- [restartedMain] i.azusachino.kokona.KokonaApplicationKt  : Started KokonaApplicationKt in 0.485 seconds (process running for 475.566)
2024-06-12 11:37:33,278  INFO 53830 --- [restartedMain] .ConditionEvaluationDeltaLoggingListener : Condition evaluation delta:


==========================
CONDITION EVALUATION DELTA
==========================


Positive matches:
-----------------

   LogFileWebEndpointAutoConfiguration#logFileWebEndpoint matched:
      - Log File found logging.file.path target/logs (LogFileWebEndpointAutoConfiguration.LogFileCondition)
      - @ConditionalOnMissingBean (types: org.springframework.boot.actuate.logging.LogFileWebEndpoint; SearchStrategy: all) did not find any beans (OnBeanCondition)


Negative matches:
-----------------

    None


Exclusions:
-----------

    None


Unconditional classes:
----------------------

    None



2024-06-12 11:37:34,654  INFO 53830 --- [File Watcher] rtingClassPathChangeChangedEventListener : Restarting due to 3 class path changes (3 additions, 0 deletions, 0 modifications)
2024-06-12 11:37:34,656  INFO 53830 --- [Thread-26] o.s.b.w.embedded.netty.GracefulShutdown  : Commencing graceful shutdown. Waiting for active requests to complete
2024-06-12 11:37:34,656  INFO 53830 --- [netty-shutdown] o.s.b.w.embedded.netty.GracefulShutdown  : Graceful shutdown complete
2024-06-12 11:37:34,659  WARN 53830 --- [Thread-26] o.s.b.f.support.DisposableBeanAdapter    : Invocation of destroy method failed on bean with name 'inMemoryDatabaseShutdownExecutor': org.h2.jdbc.JdbcSQLNonTransientConnectionException: Database is already closed (to disable automatic closing at VM shutdown, add ";DB_CLOSE_ON_EXIT=FALSE" to the db URL) [90121-224]
2024-06-12 11:37:34,663  INFO 53830 --- [Thread-26] com.zaxxer.hikari.HikariDataSource       : HikariPool-3 - Shutdown initiated...
2024-06-12 11:37:34,665  INFO 53830 --- [Thread-26] com.zaxxer.hikari.HikariDataSource       : HikariPool-3 - Shutdown completed.
2024-06-12 11:37:34,725  INFO 53830 --- [restartedMain] i.azusachino.kokona.KokonaApplicationKt  : Starting KokonaApplicationKt using Java 21.0.2 with PID 53830 (/Users/yinchun.pang/Projects/project-github/kokona-project/build/classes/kotlin/main started by yinchun.pang in /Users/yinchun.pang/Projects/project-github/kokona-project)
2024-06-12 11:37:34,725  INFO 53830 --- [restartedMain] i.azusachino.kokona.KokonaApplicationKt  : The following 1 profile is active: "dev"
2024-06-12 11:37:34,828  INFO 53830 --- [restartedMain] .s.d.r.c.RepositoryConfigurationDelegate : Multiple Spring Data modules found, entering strict repository configuration mode
2024-06-12 11:37:34,828  INFO 53830 --- [restartedMain] .s.d.r.c.RepositoryConfigurationDelegate : Bootstrapping Spring Data JDBC repositories in DEFAULT mode.
2024-06-12 11:37:34,828  INFO 53830 --- [restartedMain] .s.d.r.c.RepositoryConfigurationDelegate : Finished Spring Data repository scanning in 0 ms. Found 0 JDBC repository interfaces.
2024-06-12 11:37:34,829  INFO 53830 --- [restartedMain] .s.d.r.c.RepositoryConfigurationDelegate : Multiple Spring Data modules found, entering strict repository configuration mode
2024-06-12 11:37:34,829  INFO 53830 --- [restartedMain] .s.d.r.c.RepositoryConfigurationDelegate : Bootstrapping Spring Data Redis repositories in DEFAULT mode.
2024-06-12 11:37:34,830  INFO 53830 --- [restartedMain] .s.d.r.c.RepositoryConfigurationDelegate : Finished Spring Data repository scanning in 0 ms. Found 0 Redis repository interfaces.
2024-06-12 11:37:34,919  INFO 53830 --- [restartedMain] o.s.b.a.e.web.EndpointLinksResolver      : Exposing 1 endpoint beneath base path '/actuator'
2024-06-12 11:37:34,923  INFO 53830 --- [restartedMain] ctiveUserDetailsServiceAutoConfiguration : 

Using generated security password: f78b66f6-e6c1-40f4-bb23-fbd2e000e29b

2024-06-12 11:37:34,957  INFO 53830 --- [restartedMain] com.zaxxer.hikari.HikariDataSource       : HikariPool-4 - Starting...
2024-06-12 11:37:34,958  INFO 53830 --- [restartedMain] com.zaxxer.hikari.pool.HikariPool        : HikariPool-4 - Added connection conn30: url=jdbc:h2:mem:testdb user=SA
2024-06-12 11:37:34,958  INFO 53830 --- [restartedMain] com.zaxxer.hikari.HikariDataSource       : HikariPool-4 - Start completed.
2024-06-12 11:37:34,969  INFO 53830 --- [restartedMain] o.s.b.d.a.OptionalLiveReloadServer       : LiveReload server is running on port 35729
2024-06-12 11:37:34,976  INFO 53830 --- [restartedMain] o.s.b.web.embedded.netty.NettyWebServer  : Netty started on port 8081 (http)
2024-06-12 11:37:34,980  INFO 53830 --- [restartedMain] i.azusachino.kokona.KokonaApplicationKt  : Started KokonaApplicationKt in 0.272 seconds (process running for 477.271)
2024-06-12 11:37:34,980  INFO 53830 --- [restartedMain] .ConditionEvaluationDeltaLoggingListener : Condition evaluation unchanged
2024-06-12 11:41:03,069  INFO 53830 --- [SpringApplicationShutdownHook] o.s.b.w.embedded.netty.GracefulShutdown  : Commencing graceful shutdown. Waiting for active requests to complete
2024-06-12 11:41:03,071  INFO 53830 --- [netty-shutdown] o.s.b.w.embedded.netty.GracefulShutdown  : Graceful shutdown complete
2024-06-12 11:41:03,074  WARN 53830 --- [SpringApplicationShutdownHook] o.s.b.f.support.DisposableBeanAdapter    : Invocation of destroy method failed on bean with name 'inMemoryDatabaseShutdownExecutor': org.h2.jdbc.JdbcSQLNonTransientConnectionException: Database is already closed (to disable automatic closing at VM shutdown, add ";DB_CLOSE_ON_EXIT=FALSE" to the db URL) [90121-224]
2024-06-12 11:41:03,076  INFO 53830 --- [SpringApplicationShutdownHook] com.zaxxer.hikari.HikariDataSource       : HikariPool-4 - Shutdown initiated...
2024-06-12 11:41:03,077  INFO 53830 --- [SpringApplicationShutdownHook] com.zaxxer.hikari.HikariDataSource       : HikariPool-4 - Shutdown completed.
